3 new customers... Serving
Order 1 placed from location (2, 4) by client PID 89697
Cook 1 is cooking order 1...
Cook 1 completed cooking for order 1, taken out of the oven...
Order 1 is ready for delivery.
Moto 1 is waiting for orders...
Order 2 placed from location (2, 6) by client PID 89697
Cook 2 is cooking order 2...
Cook 2 completed cooking for order 2, taken out of the oven...
Order 2 is ready for delivery.
Order 3 placed from location (3, 2) by client PID 89697
Cook 3 is cooking order 3...
Cook 3 completed cooking for order 3, taken out of the oven...
Order 3 is ready for delivery.
Moto 1 is on the way with 1 orders...
Delivering order 1 to location (2, 4)...
Moto 2 is waiting for orders...
Moto 2 is on the way with 2 orders...
Delivering order 2 to location (2, 6)...
Order 1 delivered by Moto 1.
Order 2 delivered by Moto 2.
Delivering order 3 to location (3, 2)...
Order 3 delivered by Moto 2.
Done serving client PID 89697

Shutting down PideShop...
Total orders: 3, Delivered: 3
Thanks Cook 1 (Orders: 1)
Thanks Cook 2 (Orders: 1)
Thanks Cook 3 (Orders: 1)
Thanks Moto 2 (Orders: 2)
